<testsuites id="" name="" tests="5" failures="2" skipped="0" errors="0" time="87.82343800000001">
<testsuite name="main.spec.js" timestamp="2025-02-05T22:20:30.411Z" hostname="Chromium" tests="5" failures="2" skipped="0" time="163.403" errors="0">
<testcase name="Website Testing Suite › Extract and save distinct links - [JIRA: https://jira.uhub.biz/browse/VYRNASCJBP-14]" classname="main.spec.js" time="9.644">
<system-out>
<![CDATA[Refer to JIRA ticket: https://jira.uhub.biz/browse/VYRNASCJBP-14
Navigating to URL: https://www.blueparadox.com/
Extracted 9 unique links.

[[ATTACHMENT|..\test-results\main-Website-Testing-Suite-95638-b-biz-browse-VYRNASCJBP-14--Chromium\test-finished-1.png]]
]]>
</system-out>
<system-err>
<![CDATA[Error during extraction: i is not defined
]]>
</system-err>
</testcase>
<testcase name="Website Testing Suite › Check all links for broken URLs - [JIRA: https://jira.uhub.biz/browse/VYRNASCJBP-14]" classname="main.spec.js" time="41.242">
<failure message="main.spec.js:34:5 Check all links for broken URLs - [JIRA: https://jira.uhub.biz/browse/VYRNASCJBP-14]" type="FAILURE">
<![CDATA[  [Chromium] › main.spec.js:34:5 › Website Testing Suite › Check all links for broken URLs - [JIRA: https://jira.uhub.biz/browse/VYRNASCJBP-14] 

    Error: https://www.facebook.com/theblueparadox returned a non-success status code

    expect(received).toBeTruthy()

    Received: false

       at ..\utils\helpers\linkCheckerUtils.js:56

      54 |             try {
      55 |                 const response = await page.request.get(url);
    > 56 |                 expect.soft(response.ok(), `${url} returned a non-success status code`).toBeTruthy();
         |                                                                                         ^
      57 |                 if (response.ok()) {
      58 |                     passedLinks++;
      59 |                 } else {
        at C:\2025Playwright-Projects\SCJohnson\utils\helpers\linkCheckerUtils.js:56:89
        at checkLinks (C:\2025Playwright-Projects\SCJohnson\utils\helpers\linkCheckerUtils.js:53:9)
        at runLinkCheck (C:\2025Playwright-Projects\SCJohnson\utils\helpers\linkCheckerUtils.js:115:42)
        at C:\2025Playwright-Projects\SCJohnson\tests\main.spec.js:37:9

    Error: Some links returned errors

    expect(received).toBe(expected) // Object.is equality

    Expected: 0
    Received: 1

       at ..\utils\helpers\linkCheckerUtils.js:94

      92 |
      93 |     // Soft assert for failed links
    > 94 |     expect.soft(failedLinks.length, "Some links returned errors").toBe(0);
         |                                                                   ^
      95 | }
      96 |
      97 | /**
        at logTestSummary (C:\2025Playwright-Projects\SCJohnson\utils\helpers\linkCheckerUtils.js:94:67)
        at runLinkCheck (C:\2025Playwright-Projects\SCJohnson\utils\helpers\linkCheckerUtils.js:121:5)
        at C:\2025Playwright-Projects\SCJohnson\tests\main.spec.js:37:9

    attachment #1: checked-links.txt (text/plain) ──────────────────────────────────────────────────
    https://www.blueparadox.com/
    https://www.blueparadox.com/en/plastic-waste-crisis
    https://www.blueparadox.com/en/solutions
    https://www.blueparadox.com/en/resources
    https://www.blueparadox.com/en/in-the-news
    https://www.blueparadox.com/en/the-exhibit
    https://www.blueparadox.com/en/about-the-movement
    h...
    ────────────────────────────────────────────────────────────────────────────────────────────────

    attachment #2: screenshot (image/png) ──────────────────────────────────────────────────────────
    test-results\main-Website-Testing-Suite-f8503-b-biz-browse-VYRNASCJBP-14--Chromium\test-failed-1.png
    ────────────────────────────────────────────────────────────────────────────────────────────────

    attachment #3: trace (application/zip) ─────────────────────────────────────────────────────────
    test-results\main-Website-Testing-Suite-f8503-b-biz-browse-VYRNASCJBP-14--Chromium\trace.zip
    Usage:

        npx playwright show-trace test-results\main-Website-Testing-Suite-f8503-b-biz-browse-VYRNASCJBP-14--Chromium\trace.zip

    ────────────────────────────────────────────────────────────────────────────────────────────────

    Retry #1 ───────────────────────────────────────────────────────────────────────────────────────

    Error: https://www.facebook.com/theblueparadox returned a non-success status code

    expect(received).toBeTruthy()

    Received: false

       at ..\utils\helpers\linkCheckerUtils.js:56

      54 |             try {
      55 |                 const response = await page.request.get(url);
    > 56 |                 expect.soft(response.ok(), `${url} returned a non-success status code`).toBeTruthy();
         |                                                                                         ^
      57 |                 if (response.ok()) {
      58 |                     passedLinks++;
      59 |                 } else {
        at C:\2025Playwright-Projects\SCJohnson\utils\helpers\linkCheckerUtils.js:56:89
        at checkLinks (C:\2025Playwright-Projects\SCJohnson\utils\helpers\linkCheckerUtils.js:53:9)
        at runLinkCheck (C:\2025Playwright-Projects\SCJohnson\utils\helpers\linkCheckerUtils.js:115:42)
        at C:\2025Playwright-Projects\SCJohnson\tests\main.spec.js:37:9

    Error: Some links returned errors

    expect(received).toBe(expected) // Object.is equality

    Expected: 0
    Received: 1

       at ..\utils\helpers\linkCheckerUtils.js:94

      92 |
      93 |     // Soft assert for failed links
    > 94 |     expect.soft(failedLinks.length, "Some links returned errors").toBe(0);
         |                                                                   ^
      95 | }
      96 |
      97 | /**
        at logTestSummary (C:\2025Playwright-Projects\SCJohnson\utils\helpers\linkCheckerUtils.js:94:67)
        at runLinkCheck (C:\2025Playwright-Projects\SCJohnson\utils\helpers\linkCheckerUtils.js:121:5)
        at C:\2025Playwright-Projects\SCJohnson\tests\main.spec.js:37:9

    attachment #1: checked-links.txt (text/plain) ──────────────────────────────────────────────────
    https://www.blueparadox.com/
    https://www.blueparadox.com/en/plastic-waste-crisis
    https://www.blueparadox.com/en/solutions
    https://www.blueparadox.com/en/resources
    https://www.blueparadox.com/en/in-the-news
    https://www.blueparadox.com/en/the-exhibit
    https://www.blueparadox.com/en/about-the-movement
    h...
    ────────────────────────────────────────────────────────────────────────────────────────────────

    attachment #2: screenshot (image/png) ──────────────────────────────────────────────────────────
    test-results\main-Website-Testing-Suite-f8503-b-biz-browse-VYRNASCJBP-14--Chromium-retry1\test-failed-1.png
    ────────────────────────────────────────────────────────────────────────────────────────────────

    attachment #3: trace (application/zip) ─────────────────────────────────────────────────────────
    test-results\main-Website-Testing-Suite-f8503-b-biz-browse-VYRNASCJBP-14--Chromium-retry1\trace.zip
    Usage:

        npx playwright show-trace test-results\main-Website-Testing-Suite-f8503-b-biz-browse-VYRNASCJBP-14--Chromium-retry1\trace.zip

    ────────────────────────────────────────────────────────────────────────────────────────────────
]]>
</failure>
<system-out>
<![CDATA[Refer to JIRA ticket: https://jira.uhub.biz/browse/VYRNASCJBP-14
🔍 Running tests for environment: qa
🌍 Testing BASE_URL: https://www.blueparadox.com/
🔗 Total Links Found: 20

=== ✅ Link Check Summary ✅ ===
🔗 Total Links Checked: 20
✅ Passed Links: 19
❌ Failed Links: 1
❌ Failed URLs:
https://www.facebook.com/theblueparadox

[[ATTACHMENT|..\test-results\main-Website-Testing-Suite-f8503-b-biz-browse-VYRNASCJBP-14--Chromium\test-failed-1.png]]

[[ATTACHMENT|..\test-results\main-Website-Testing-Suite-f8503-b-biz-browse-VYRNASCJBP-14--Chromium\trace.zip]]
Refer to JIRA ticket: https://jira.uhub.biz/browse/VYRNASCJBP-14
🔍 Running tests for environment: qa
🌍 Testing BASE_URL: https://www.blueparadox.com/
🔗 Total Links Found: 20

=== ✅ Link Check Summary ✅ ===
🔗 Total Links Checked: 20
✅ Passed Links: 19
❌ Failed Links: 1
❌ Failed URLs:
https://www.facebook.com/theblueparadox

[[ATTACHMENT|..\test-results\main-Website-Testing-Suite-f8503-b-biz-browse-VYRNASCJBP-14--Chromium-retry1\test-failed-1.png]]

[[ATTACHMENT|..\test-results\main-Website-Testing-Suite-f8503-b-biz-browse-VYRNASCJBP-14--Chromium-retry1\trace.zip]]
]]>
</system-out>
</testcase>
<testcase name="Website Testing Suite › Check all footer links for broken URLs - [JIRA: https://jira.uhub.biz/browse/VYRNASCJBP-9]" classname="main.spec.js" time="19.94">
<system-out>
<![CDATA[Refer to JIRA ticket: https://jira.uhub.biz/browse/VYRNASCJBP-9
Total Footer links found: 14
Working link in Footer: https://www.instagram.com/theblueparadox (Status: 200)
Working link in Footer: https://twitter.com/theblueparadox (Status: 200)
Working link in Footer: /en/plastic-waste-crisis (Status: 200)
Working link in Footer: /en/solutions (Status: 200)
Working link in Footer: /en/resources (Status: 200)
Working link in Footer: /en/in-the-news (Status: 200)
Working link in Footer: /en/the-exhibit (Status: 200)
Working link in Footer: /en/about-the-movement (Status: 200)
Working link in Footer: /en/take-action (Status: 200)
Working link in Footer: #calculatorModal (Status: 200)
Working link in Footer: https://terms.scjbrands.com/en-us (Status: 200)
Working link in Footer: https://privacy.scjbrands.com/en-us (Status: 200)
Working link in Footer: https://contact.scjbrands.com/en-us (Status: 200)

Footer Test Summary:
Total Working Links: 13
Total Broken Links: 1

[[ATTACHMENT|..\test-results\main-Website-Testing-Suite-bd775-ub-biz-browse-VYRNASCJBP-9--Chromium\test-finished-1.png]]
]]>
</system-out>
<system-err>
<![CDATA[Broken link in Footer: https://www.facebook.com/theblueparadox (Status: 400)
]]>
</system-err>
</testcase>
<testcase name="Website Testing Suite › Check all header links for broken URLs - [JIRA: https://jira.uhub.biz/browse/VYRNASCJBP-11]" classname="main.spec.js" time="12.021">
<system-out>
<![CDATA[Refer to JIRA ticket: https://jira.uhub.biz/browse/VYRNASCJBP-11
Total Header links found: 0

Header Test Summary:
Total Working Links: 0
Total Broken Links: 0

[[ATTACHMENT|..\test-results\main-Website-Testing-Suite-2e2ad-b-biz-browse-VYRNASCJBP-11--Chromium\test-finished-1.png]]
]]>
</system-out>
</testcase>
<testcase name="Website Testing Suite › SC Johnson Homepage Screenshot Test - [JIRA: https://jira.uhub.biz/browse/VYRNASCJBP-3]" classname="main.spec.js" time="80.556">
<failure message="main.spec.js:53:5 SC Johnson Homepage Screenshot Test - [JIRA: https://jira.uhub.biz/browse/VYRNASCJBP-3]" type="FAILURE">
<![CDATA[  [Chromium] › main.spec.js:53:5 › Website Testing Suite › SC Johnson Homepage Screenshot Test - [JIRA: https://jira.uhub.biz/browse/VYRNASCJBP-3] 

    Error: ❌ Visual mismatch detected! Images differ by 4.07%
    🔍 Review the report at: C:\2025Playwright-Projects\SCJohnson\utils\visual_tests\reports\scjohnson_homepage_report.html

       at ..\utils\helpers\visualTesting.js:147

      145 |
      146 |     if (diff.misMatchPercentage > 0) {
    > 147 |         throw new Error(`❌ Visual mismatch detected! Images differ by ${diff.misMatchPercentage}%\n🔍 Review the report at: ${reportPath}`);
          |               ^
      148 |     }
      149 |     console.log("✅ Screenshots match!");
      150 | }
        at captureAndCompareScreenshot (C:\2025Playwright-Projects\SCJohnson\utils\helpers\visualTesting.js:147:15)
        at C:\2025Playwright-Projects\SCJohnson\tests\main.spec.js:56:9

    attachment #1: screenshot (image/png) ──────────────────────────────────────────────────────────
    test-results\main-Website-Testing-Suite-faba2-ub-biz-browse-VYRNASCJBP-3--Chromium\test-failed-1.png
    ────────────────────────────────────────────────────────────────────────────────────────────────

    attachment #2: trace (application/zip) ─────────────────────────────────────────────────────────
    test-results\main-Website-Testing-Suite-faba2-ub-biz-browse-VYRNASCJBP-3--Chromium\trace.zip
    Usage:

        npx playwright show-trace test-results\main-Website-Testing-Suite-faba2-ub-biz-browse-VYRNASCJBP-3--Chromium\trace.zip

    ────────────────────────────────────────────────────────────────────────────────────────────────

    Retry #1 ───────────────────────────────────────────────────────────────────────────────────────

    Error: ❌ Visual mismatch detected! Images differ by 4.09%
    🔍 Review the report at: C:\2025Playwright-Projects\SCJohnson\utils\visual_tests\reports\scjohnson_homepage_report.html

       at ..\utils\helpers\visualTesting.js:147

      145 |
      146 |     if (diff.misMatchPercentage > 0) {
    > 147 |         throw new Error(`❌ Visual mismatch detected! Images differ by ${diff.misMatchPercentage}%\n🔍 Review the report at: ${reportPath}`);
          |               ^
      148 |     }
      149 |     console.log("✅ Screenshots match!");
      150 | }
        at captureAndCompareScreenshot (C:\2025Playwright-Projects\SCJohnson\utils\helpers\visualTesting.js:147:15)
        at C:\2025Playwright-Projects\SCJohnson\tests\main.spec.js:56:9

    attachment #1: screenshot (image/png) ──────────────────────────────────────────────────────────
    test-results\main-Website-Testing-Suite-faba2-ub-biz-browse-VYRNASCJBP-3--Chromium-retry1\test-failed-1.png
    ────────────────────────────────────────────────────────────────────────────────────────────────

    attachment #2: trace (application/zip) ─────────────────────────────────────────────────────────
    test-results\main-Website-Testing-Suite-faba2-ub-biz-browse-VYRNASCJBP-3--Chromium-retry1\trace.zip
    Usage:

        npx playwright show-trace test-results\main-Website-Testing-Suite-faba2-ub-biz-browse-VYRNASCJBP-3--Chromium-retry1\trace.zip

    ────────────────────────────────────────────────────────────────────────────────────────────────
]]>
</failure>
<system-out>
<![CDATA[Refer to JIRA ticket: https://jira.uhub.biz/browse/VYRNASCJBP-3
📸 New screenshot saved at: C:\2025Playwright-Projects\SCJohnson\utils\visual_tests\current_snapshots\scjohnson_homepage_chromium.png
📊 Diff image saved at: C:\2025Playwright-Projects\SCJohnson\utils\visual_tests\diffs\scjohnson_homepage_diff.png
📄 HTML report saved at: C:\2025Playwright-Projects\SCJohnson\utils\visual_tests\reports\scjohnson_homepage_report.html

[[ATTACHMENT|..\test-results\main-Website-Testing-Suite-faba2-ub-biz-browse-VYRNASCJBP-3--Chromium\test-failed-1.png]]

[[ATTACHMENT|..\test-results\main-Website-Testing-Suite-faba2-ub-biz-browse-VYRNASCJBP-3--Chromium\trace.zip]]
Refer to JIRA ticket: https://jira.uhub.biz/browse/VYRNASCJBP-3
📸 New screenshot saved at: C:\2025Playwright-Projects\SCJohnson\utils\visual_tests\current_snapshots\scjohnson_homepage_chromium.png
📊 Diff image saved at: C:\2025Playwright-Projects\SCJohnson\utils\visual_tests\diffs\scjohnson_homepage_diff.png
📄 HTML report saved at: C:\2025Playwright-Projects\SCJohnson\utils\visual_tests\reports\scjohnson_homepage_report.html

[[ATTACHMENT|..\test-results\main-Website-Testing-Suite-faba2-ub-biz-browse-VYRNASCJBP-3--Chromium-retry1\test-failed-1.png]]

[[ATTACHMENT|..\test-results\main-Website-Testing-Suite-faba2-ub-biz-browse-VYRNASCJBP-3--Chromium-retry1\trace.zip]]
]]>
</system-out>
</testcase>
</testsuite>
</testsuites>