<testsuites id="" name="" tests="12" failures="11" skipped="0" errors="0" time="168.744391">
<testsuite name="main.spec.js" timestamp="2025-02-04T22:59:21.151Z" hostname="Chromium" tests="3" failures="2" skipped="0" time="126.554" errors="0">
<testcase name="Website Testing Suite › Extract and save distinct links" classname="main.spec.js" time="6.056">
<system-out>
<![CDATA[Navigating to URL: https://www.blueparadox.com/
Extracted 9 unique links.

[[ATTACHMENT|..\test-results\main-Website-Testing-Suite-Extract-and-save-distinct-links-Chromium\test-finished-1.png]]
]]>
</system-out>
<system-err>
<![CDATA[Error during extraction: i is not defined
]]>
</system-err>
</testcase>
<testcase name="Website Testing Suite › Check all links for broken URLs" classname="main.spec.js" time="35.056">
<failure message="main.spec.js:21:5 Check all links for broken URLs" type="FAILURE">
<![CDATA[  [Chromium] › main.spec.js:21:5 › Website Testing Suite › Check all links for broken URLs ─────────

    Error: https://www.facebook.com/theblueparadox returned a non-success status code

    expect(received).toBeTruthy()

    Received: false

       at ..\utils\helpers\linkCheckerUtils.js:56

      54 |             try {
      55 |                 const response = await page.request.get(url);
    > 56 |                 expect.soft(response.ok(), `${url} returned a non-success status code`).toBeTruthy();
         |                                                                                         ^
      57 |                 if (response.ok()) {
      58 |                     passedLinks++;
      59 |                 } else {
        at C:\2025Playwright-Projects\SCJohnson\utils\helpers\linkCheckerUtils.js:56:89
        at checkLinks (C:\2025Playwright-Projects\SCJohnson\utils\helpers\linkCheckerUtils.js:53:9)
        at runLinkCheck (C:\2025Playwright-Projects\SCJohnson\utils\helpers\linkCheckerUtils.js:115:42)
        at C:\2025Playwright-Projects\SCJohnson\tests\main.spec.js:23:9

    Error: Some links returned errors

    expect(received).toBe(expected) // Object.is equality

    Expected: 0
    Received: 1

       at ..\utils\helpers\linkCheckerUtils.js:94

      92 |
      93 |     // Soft assert for failed links
    > 94 |     expect.soft(failedLinks.length, "Some links returned errors").toBe(0);
         |                                                                   ^
      95 | }
      96 |
      97 | /**
        at logTestSummary (C:\2025Playwright-Projects\SCJohnson\utils\helpers\linkCheckerUtils.js:94:67)
        at runLinkCheck (C:\2025Playwright-Projects\SCJohnson\utils\helpers\linkCheckerUtils.js:121:5)
        at C:\2025Playwright-Projects\SCJohnson\tests\main.spec.js:23:9

    attachment #1: checked-links.txt (text/plain) ──────────────────────────────────────────────────
    https://www.blueparadox.com/
    https://www.blueparadox.com/en/plastic-waste-crisis
    https://www.blueparadox.com/en/solutions
    https://www.blueparadox.com/en/resources
    https://www.blueparadox.com/en/in-the-news
    https://www.blueparadox.com/en/the-exhibit
    https://www.blueparadox.com/en/about-the-movement
    h...
    ────────────────────────────────────────────────────────────────────────────────────────────────

    attachment #2: screenshot (image/png) ──────────────────────────────────────────────────────────
    test-results\main-Website-Testing-Suite-Check-all-links-for-broken-URLs-Chromium\test-failed-1.png
    ────────────────────────────────────────────────────────────────────────────────────────────────

    attachment #3: trace (application/zip) ─────────────────────────────────────────────────────────
    test-results\main-Website-Testing-Suite-Check-all-links-for-broken-URLs-Chromium\trace.zip
    Usage:

        npx playwright show-trace test-results\main-Website-Testing-Suite-Check-all-links-for-broken-URLs-Chromium\trace.zip

    ────────────────────────────────────────────────────────────────────────────────────────────────

    Retry #1 ───────────────────────────────────────────────────────────────────────────────────────

    Error: https://www.facebook.com/theblueparadox returned a non-success status code

    expect(received).toBeTruthy()

    Received: false

       at ..\utils\helpers\linkCheckerUtils.js:56

      54 |             try {
      55 |                 const response = await page.request.get(url);
    > 56 |                 expect.soft(response.ok(), `${url} returned a non-success status code`).toBeTruthy();
         |                                                                                         ^
      57 |                 if (response.ok()) {
      58 |                     passedLinks++;
      59 |                 } else {
        at C:\2025Playwright-Projects\SCJohnson\utils\helpers\linkCheckerUtils.js:56:89
        at checkLinks (C:\2025Playwright-Projects\SCJohnson\utils\helpers\linkCheckerUtils.js:53:9)
        at runLinkCheck (C:\2025Playwright-Projects\SCJohnson\utils\helpers\linkCheckerUtils.js:115:42)
        at C:\2025Playwright-Projects\SCJohnson\tests\main.spec.js:23:9

    Error: Some links returned errors

    expect(received).toBe(expected) // Object.is equality

    Expected: 0
    Received: 1

       at ..\utils\helpers\linkCheckerUtils.js:94

      92 |
      93 |     // Soft assert for failed links
    > 94 |     expect.soft(failedLinks.length, "Some links returned errors").toBe(0);
         |                                                                   ^
      95 | }
      96 |
      97 | /**
        at logTestSummary (C:\2025Playwright-Projects\SCJohnson\utils\helpers\linkCheckerUtils.js:94:67)
        at runLinkCheck (C:\2025Playwright-Projects\SCJohnson\utils\helpers\linkCheckerUtils.js:121:5)
        at C:\2025Playwright-Projects\SCJohnson\tests\main.spec.js:23:9

    attachment #1: checked-links.txt (text/plain) ──────────────────────────────────────────────────
    https://www.blueparadox.com/
    https://www.blueparadox.com/en/plastic-waste-crisis
    https://www.blueparadox.com/en/solutions
    https://www.blueparadox.com/en/resources
    https://www.blueparadox.com/en/in-the-news
    https://www.blueparadox.com/en/the-exhibit
    https://www.blueparadox.com/en/about-the-movement
    h...
    ────────────────────────────────────────────────────────────────────────────────────────────────

    attachment #2: screenshot (image/png) ──────────────────────────────────────────────────────────
    test-results\main-Website-Testing-Suite-Check-all-links-for-broken-URLs-Chromium-retry1\test-failed-1.png
    ────────────────────────────────────────────────────────────────────────────────────────────────

    attachment #3: trace (application/zip) ─────────────────────────────────────────────────────────
    test-results\main-Website-Testing-Suite-Check-all-links-for-broken-URLs-Chromium-retry1\trace.zip
    Usage:

        npx playwright show-trace test-results\main-Website-Testing-Suite-Check-all-links-for-broken-URLs-Chromium-retry1\trace.zip

    ────────────────────────────────────────────────────────────────────────────────────────────────
]]>
</failure>
<system-out>
<![CDATA[🔍 Running tests for environment: qa
🌍 Testing BASE_URL: https://www.blueparadox.com/
🔗 Total Links Found: 20

=== ✅ Link Check Summary ✅ ===
🔗 Total Links Checked: 20
✅ Passed Links: 19
❌ Failed Links: 1
❌ Failed URLs:
https://www.facebook.com/theblueparadox

[[ATTACHMENT|..\test-results\main-Website-Testing-Suite-Check-all-links-for-broken-URLs-Chromium\test-failed-1.png]]

[[ATTACHMENT|..\test-results\main-Website-Testing-Suite-Check-all-links-for-broken-URLs-Chromium\trace.zip]]
🔍 Running tests for environment: qa
🌍 Testing BASE_URL: https://www.blueparadox.com/
🔗 Total Links Found: 20

=== ✅ Link Check Summary ✅ ===
🔗 Total Links Checked: 20
✅ Passed Links: 19
❌ Failed Links: 1
❌ Failed URLs:
https://www.facebook.com/theblueparadox

[[ATTACHMENT|..\test-results\main-Website-Testing-Suite-Check-all-links-for-broken-URLs-Chromium-retry1\test-failed-1.png]]

[[ATTACHMENT|..\test-results\main-Website-Testing-Suite-Check-all-links-for-broken-URLs-Chromium-retry1\trace.zip]]
]]>
</system-out>
</testcase>
<testcase name="Website Testing Suite › SC Johnson Homepage Screenshot Test" classname="main.spec.js" time="85.442">
<failure message="main.spec.js:27:5 SC Johnson Homepage Screenshot Test" type="FAILURE">
<![CDATA[  [Chromium] › main.spec.js:27:5 › Website Testing Suite › SC Johnson Homepage Screenshot Test ─────

    Error: ❌ Visual mismatch detected! Images differ by 98.53%

       at ..\utils\helpers\visualTesting.js:72

      70 |
      71 |         if (diff.misMatchPercentage > 0) {
    > 72 |             throw new Error(`❌ Visual mismatch detected! Images differ by ${diff.misMatchPercentage}%`);
         |                   ^
      73 |         }
      74 |         console.log("✅ Screenshots match!");
      75 |     } else {
        at captureAndCompareScreenshot (C:\2025Playwright-Projects\SCJohnson\utils\helpers\visualTesting.js:72:19)
        at C:\2025Playwright-Projects\SCJohnson\tests\main.spec.js:29:9

    attachment #1: screenshot (image/png) ──────────────────────────────────────────────────────────
    test-results\main-Website-Testing-Suite-34327-on-Homepage-Screenshot-Test-Chromium\test-failed-1.png
    ────────────────────────────────────────────────────────────────────────────────────────────────

    attachment #2: trace (application/zip) ─────────────────────────────────────────────────────────
    test-results\main-Website-Testing-Suite-34327-on-Homepage-Screenshot-Test-Chromium\trace.zip
    Usage:

        npx playwright show-trace test-results\main-Website-Testing-Suite-34327-on-Homepage-Screenshot-Test-Chromium\trace.zip

    ────────────────────────────────────────────────────────────────────────────────────────────────

    Retry #1 ───────────────────────────────────────────────────────────────────────────────────────

    Error: ❌ Visual mismatch detected! Images differ by 98.53%

       at ..\utils\helpers\visualTesting.js:72

      70 |
      71 |         if (diff.misMatchPercentage > 0) {
    > 72 |             throw new Error(`❌ Visual mismatch detected! Images differ by ${diff.misMatchPercentage}%`);
         |                   ^
      73 |         }
      74 |         console.log("✅ Screenshots match!");
      75 |     } else {
        at captureAndCompareScreenshot (C:\2025Playwright-Projects\SCJohnson\utils\helpers\visualTesting.js:72:19)
        at C:\2025Playwright-Projects\SCJohnson\tests\main.spec.js:29:9

    attachment #1: screenshot (image/png) ──────────────────────────────────────────────────────────
    test-results\main-Website-Testing-Suite-34327-on-Homepage-Screenshot-Test-Chromium-retry1\test-failed-1.png
    ────────────────────────────────────────────────────────────────────────────────────────────────

    attachment #2: trace (application/zip) ─────────────────────────────────────────────────────────
    test-results\main-Website-Testing-Suite-34327-on-Homepage-Screenshot-Test-Chromium-retry1\trace.zip
    Usage:

        npx playwright show-trace test-results\main-Website-Testing-Suite-34327-on-Homepage-Screenshot-Test-Chromium-retry1\trace.zip

    ────────────────────────────────────────────────────────────────────────────────────────────────
]]>
</failure>
<system-out>
<![CDATA[📸 Screenshot saved at: C:\2025Playwright-Projects\SCJohnson\utils\screenshots\scjohnson_homepage_chromium.png

[[ATTACHMENT|..\test-results\main-Website-Testing-Suite-34327-on-Homepage-Screenshot-Test-Chromium\test-failed-1.png]]

[[ATTACHMENT|..\test-results\main-Website-Testing-Suite-34327-on-Homepage-Screenshot-Test-Chromium\trace.zip]]
📸 Screenshot saved at: C:\2025Playwright-Projects\SCJohnson\utils\screenshots\scjohnson_homepage_chromium.png

[[ATTACHMENT|..\test-results\main-Website-Testing-Suite-34327-on-Homepage-Screenshot-Test-Chromium-retry1\test-failed-1.png]]

[[ATTACHMENT|..\test-results\main-Website-Testing-Suite-34327-on-Homepage-Screenshot-Test-Chromium-retry1\trace.zip]]
]]>
</system-out>
</testcase>
</testsuite>
<testsuite name="spellcheckerTest.spec.js" timestamp="2025-02-04T22:59:21.151Z" hostname="Chromium" tests="9" failures="9" skipped="0" time="110.652" errors="0">
<testcase name="Spell Check for All Links › Check spelling on link 1 of 9: https://www.blueparadox.com/" classname="spellcheckerTest.spec.js" time="20.513">
<failure message="spellCheckerUtils.js:81:13 Check spelling on link 1 of 9: https://www.blueparadox.com/" type="FAILURE">
<![CDATA[  [Chromium] › ..\utils\helpers\spellCheckerUtils.js:81:13 › Spell Check for All Links › Check spelling on link 1 of 9: https://www.blueparadox.com/ 

    Error: expect(received).toBe(expected) // Object.is equality

    Expected: 0
    Received: 4

      85 |                         linksWithErrors.push({ link, misspelledWords });
      86 |                     }
    > 87 |                     expect.soft(misspelledWords.length).toBe(0, `Misspelled words found on ${link}: ${misspelledWords}`);
         |                                                         ^
      88 |                 } catch (error) {
      89 |                     failedLinks.push(link);
      90 |                     console.error(`Error checking link ${link}: ${error.message}`);
        at C:\2025Playwright-Projects\SCJohnson\utils\helpers\spellCheckerUtils.js:87:57

    attachment #1: screenshot (image/png) ──────────────────────────────────────────────────────────
    test-results\spellcheckerTest-Spell-Che-e90f5--https-www-blueparadox-com--Chromium\test-failed-1.png
    ────────────────────────────────────────────────────────────────────────────────────────────────

    attachment #2: trace (application/zip) ─────────────────────────────────────────────────────────
    test-results\spellcheckerTest-Spell-Che-e90f5--https-www-blueparadox-com--Chromium\trace.zip
    Usage:

        npx playwright show-trace test-results\spellcheckerTest-Spell-Che-e90f5--https-www-blueparadox-com--Chromium\trace.zip

    ────────────────────────────────────────────────────────────────────────────────────────────────

    Retry #1 ───────────────────────────────────────────────────────────────────────────────────────

    Error: expect(received).toBe(expected) // Object.is equality

    Expected: 0
    Received: 4

      85 |                         linksWithErrors.push({ link, misspelledWords });
      86 |                     }
    > 87 |                     expect.soft(misspelledWords.length).toBe(0, `Misspelled words found on ${link}: ${misspelledWords}`);
         |                                                         ^
      88 |                 } catch (error) {
      89 |                     failedLinks.push(link);
      90 |                     console.error(`Error checking link ${link}: ${error.message}`);
        at C:\2025Playwright-Projects\SCJohnson\utils\helpers\spellCheckerUtils.js:87:57

    attachment #1: screenshot (image/png) ──────────────────────────────────────────────────────────
    test-results\spellcheckerTest-Spell-Che-e90f5--https-www-blueparadox-com--Chromium-retry1\test-failed-1.png
    ────────────────────────────────────────────────────────────────────────────────────────────────

    attachment #2: trace (application/zip) ─────────────────────────────────────────────────────────
    test-results\spellcheckerTest-Spell-Che-e90f5--https-www-blueparadox-com--Chromium-retry1\trace.zip
    Usage:

        npx playwright show-trace test-results\spellcheckerTest-Spell-Che-e90f5--https-www-blueparadox-com--Chromium-retry1\trace.zip

    ────────────────────────────────────────────────────────────────────────────────────────────────
]]>
</failure>
<system-out>
<![CDATA[
========= SPELL CHECK SUMMARY =========
✅ Total Links Checked: 9
❌ Links with Spelling Errors: 1
  - https://www.blueparadox.com/: 14, adchoices, johnson, ourprivacy
🛑 Links that Failed to Load: 0
=======================================


[[ATTACHMENT|..\test-results\spellcheckerTest-Spell-Che-e90f5--https-www-blueparadox-com--Chromium\test-failed-1.png]]

[[ATTACHMENT|..\test-results\spellcheckerTest-Spell-Che-e90f5--https-www-blueparadox-com--Chromium\trace.zip]]

========= SPELL CHECK SUMMARY =========
✅ Total Links Checked: 9
❌ Links with Spelling Errors: 1
  - https://www.blueparadox.com/: 14, adchoices, johnson, ourprivacy
🛑 Links that Failed to Load: 0
=======================================


[[ATTACHMENT|..\test-results\spellcheckerTest-Spell-Che-e90f5--https-www-blueparadox-com--Chromium-retry1\test-failed-1.png]]

[[ATTACHMENT|..\test-results\spellcheckerTest-Spell-Che-e90f5--https-www-blueparadox-com--Chromium-retry1\trace.zip]]
]]>
</system-out>
</testcase>
<testcase name="Spell Check for All Links › Check spelling on link 2 of 9: https://www.blueparadox.com/en/plastic-waste-crisis" classname="spellcheckerTest.spec.js" time="17.569">
<failure message="spellCheckerUtils.js:81:13 Check spelling on link 2 of 9: https://www.blueparadox.com/en/plastic-waste-crisis" type="FAILURE">
<![CDATA[  [Chromium] › ..\utils\helpers\spellCheckerUtils.js:81:13 › Spell Check for All Links › Check spelling on link 2 of 9: https://www.blueparadox.com/en/plastic-waste-crisis 

    Error: expect(received).toBe(expected) // Object.is equality

    Expected: 0
    Received: 14

      85 |                         linksWithErrors.push({ link, misspelledWords });
      86 |                     }
    > 87 |                     expect.soft(misspelledWords.length).toBe(0, `Misspelled words found on ${link}: ${misspelledWords}`);
         |                                                         ^
      88 |                 } catch (error) {
      89 |                     failedLinks.push(link);
      90 |                     console.error(`Error checking link ${link}: ${error.message}`);
        at C:\2025Playwright-Projects\SCJohnson\utils\helpers\spellCheckerUtils.js:87:57

    attachment #1: screenshot (image/png) ──────────────────────────────────────────────────────────
    test-results\spellcheckerTest-Spell-Che-d4ab1-com-en-plastic-waste-crisis-Chromium\test-failed-1.png
    ────────────────────────────────────────────────────────────────────────────────────────────────

    attachment #2: trace (application/zip) ─────────────────────────────────────────────────────────
    test-results\spellcheckerTest-Spell-Che-d4ab1-com-en-plastic-waste-crisis-Chromium\trace.zip
    Usage:

        npx playwright show-trace test-results\spellcheckerTest-Spell-Che-d4ab1-com-en-plastic-waste-crisis-Chromium\trace.zip

    ────────────────────────────────────────────────────────────────────────────────────────────────

    Retry #1 ───────────────────────────────────────────────────────────────────────────────────────

    Error: expect(received).toBe(expected) // Object.is equality

    Expected: 0
    Received: 14

      85 |                         linksWithErrors.push({ link, misspelledWords });
      86 |                     }
    > 87 |                     expect.soft(misspelledWords.length).toBe(0, `Misspelled words found on ${link}: ${misspelledWords}`);
         |                                                         ^
      88 |                 } catch (error) {
      89 |                     failedLinks.push(link);
      90 |                     console.error(`Error checking link ${link}: ${error.message}`);
        at C:\2025Playwright-Projects\SCJohnson\utils\helpers\spellCheckerUtils.js:87:57

    attachment #1: screenshot (image/png) ──────────────────────────────────────────────────────────
    test-results\spellcheckerTest-Spell-Che-d4ab1-com-en-plastic-waste-crisis-Chromium-retry1\test-failed-1.png
    ────────────────────────────────────────────────────────────────────────────────────────────────

    attachment #2: trace (application/zip) ─────────────────────────────────────────────────────────
    test-results\spellcheckerTest-Spell-Che-d4ab1-com-en-plastic-waste-crisis-Chromium-retry1\trace.zip
    Usage:

        npx playwright show-trace test-results\spellcheckerTest-Spell-Che-d4ab1-com-en-plastic-waste-crisis-Chromium-retry1\trace.zip

    ────────────────────────────────────────────────────────────────────────────────────────────────
]]>
</failure>
<system-out>
<![CDATA[
========= SPELL CHECK SUMMARY =========
✅ Total Links Checked: 9
❌ Links with Spelling Errors: 1
  - https://www.blueparadox.com/en/plastic-waste-crisis: 2050, 24, 30, pacic, 450, biodegrade, microplastics, 92, 1000, 34, microplastic, adchoices, johnson, ourprivacy
🛑 Links that Failed to Load: 0
=======================================


[[ATTACHMENT|..\test-results\spellcheckerTest-Spell-Che-d4ab1-com-en-plastic-waste-crisis-Chromium\test-failed-1.png]]

[[ATTACHMENT|..\test-results\spellcheckerTest-Spell-Che-d4ab1-com-en-plastic-waste-crisis-Chromium\trace.zip]]

========= SPELL CHECK SUMMARY =========
✅ Total Links Checked: 9
❌ Links with Spelling Errors: 1
  - https://www.blueparadox.com/en/plastic-waste-crisis: 2050, 24, 30, pacic, 450, biodegrade, microplastics, 92, 1000, 34, microplastic, adchoices, johnson, ourprivacy
🛑 Links that Failed to Load: 0
=======================================


[[ATTACHMENT|..\test-results\spellcheckerTest-Spell-Che-d4ab1-com-en-plastic-waste-crisis-Chromium-retry1\test-failed-1.png]]

[[ATTACHMENT|..\test-results\spellcheckerTest-Spell-Che-d4ab1-com-en-plastic-waste-crisis-Chromium-retry1\trace.zip]]
]]>
</system-out>
</testcase>
<testcase name="Spell Check for All Links › Check spelling on link 3 of 9: https://www.blueparadox.com/en/solutions" classname="spellcheckerTest.spec.js" time="19.265">
<failure message="spellCheckerUtils.js:81:13 Check spelling on link 3 of 9: https://www.blueparadox.com/en/solutions" type="FAILURE">
<![CDATA[  [Chromium] › ..\utils\helpers\spellCheckerUtils.js:81:13 › Spell Check for All Links › Check spelling on link 3 of 9: https://www.blueparadox.com/en/solutions 

    Error: expect(received).toBe(expected) // Object.is equality

    Expected: 0
    Received: 4

      85 |                         linksWithErrors.push({ link, misspelledWords });
      86 |                     }
    > 87 |                     expect.soft(misspelledWords.length).toBe(0, `Misspelled words found on ${link}: ${misspelledWords}`);
         |                                                         ^
      88 |                 } catch (error) {
      89 |                     failedLinks.push(link);
      90 |                     console.error(`Error checking link ${link}: ${error.message}`);
        at C:\2025Playwright-Projects\SCJohnson\utils\helpers\spellCheckerUtils.js:87:57

    attachment #1: screenshot (image/png) ──────────────────────────────────────────────────────────
    test-results\spellcheckerTest-Spell-Che-249c7-lueparadox-com-en-solutions-Chromium\test-failed-1.png
    ────────────────────────────────────────────────────────────────────────────────────────────────

    attachment #2: trace (application/zip) ─────────────────────────────────────────────────────────
    test-results\spellcheckerTest-Spell-Che-249c7-lueparadox-com-en-solutions-Chromium\trace.zip
    Usage:

        npx playwright show-trace test-results\spellcheckerTest-Spell-Che-249c7-lueparadox-com-en-solutions-Chromium\trace.zip

    ────────────────────────────────────────────────────────────────────────────────────────────────

    Retry #1 ───────────────────────────────────────────────────────────────────────────────────────

    Error: expect(received).toBe(expected) // Object.is equality

    Expected: 0
    Received: 4

      85 |                         linksWithErrors.push({ link, misspelledWords });
      86 |                     }
    > 87 |                     expect.soft(misspelledWords.length).toBe(0, `Misspelled words found on ${link}: ${misspelledWords}`);
         |                                                         ^
      88 |                 } catch (error) {
      89 |                     failedLinks.push(link);
      90 |                     console.error(`Error checking link ${link}: ${error.message}`);
        at C:\2025Playwright-Projects\SCJohnson\utils\helpers\spellCheckerUtils.js:87:57

    attachment #1: screenshot (image/png) ──────────────────────────────────────────────────────────
    test-results\spellcheckerTest-Spell-Che-249c7-lueparadox-com-en-solutions-Chromium-retry1\test-failed-1.png
    ────────────────────────────────────────────────────────────────────────────────────────────────

    attachment #2: trace (application/zip) ─────────────────────────────────────────────────────────
    test-results\spellcheckerTest-Spell-Che-249c7-lueparadox-com-en-solutions-Chromium-retry1\trace.zip
    Usage:

        npx playwright show-trace test-results\spellcheckerTest-Spell-Che-249c7-lueparadox-com-en-solutions-Chromium-retry1\trace.zip

    ────────────────────────────────────────────────────────────────────────────────────────────────
]]>
</failure>
<system-out>
<![CDATA[
========= SPELL CHECK SUMMARY =========
✅ Total Links Checked: 9
❌ Links with Spelling Errors: 1
  - https://www.blueparadox.com/en/solutions: single-use, adchoices, johnson, ourprivacy
🛑 Links that Failed to Load: 0
=======================================


[[ATTACHMENT|..\test-results\spellcheckerTest-Spell-Che-249c7-lueparadox-com-en-solutions-Chromium\test-failed-1.png]]

[[ATTACHMENT|..\test-results\spellcheckerTest-Spell-Che-249c7-lueparadox-com-en-solutions-Chromium\trace.zip]]

========= SPELL CHECK SUMMARY =========
✅ Total Links Checked: 9
❌ Links with Spelling Errors: 1
  - https://www.blueparadox.com/en/solutions: single-use, adchoices, johnson, ourprivacy
🛑 Links that Failed to Load: 0
=======================================


[[ATTACHMENT|..\test-results\spellcheckerTest-Spell-Che-249c7-lueparadox-com-en-solutions-Chromium-retry1\test-failed-1.png]]

[[ATTACHMENT|..\test-results\spellcheckerTest-Spell-Che-249c7-lueparadox-com-en-solutions-Chromium-retry1\trace.zip]]
]]>
</system-out>
</testcase>
<testcase name="Spell Check for All Links › Check spelling on link 4 of 9: https://www.bluewparadox.com/en/resources" classname="spellcheckerTest.spec.js" time="0">
<failure message="spellCheckerUtils.js:81:13 Check spelling on link 4 of 9: https://www.bluewparadox.com/en/resources" type="FAILURE">
<![CDATA[  [Chromium] › ..\utils\helpers\spellCheckerUtils.js:81:13 › Spell Check for All Links › Check spelling on link 4 of 9: https://www.bluewparadox.com/en/resources 

    Test not found in the worker process. Make sure test title does not change.

    Retry #1 ───────────────────────────────────────────────────────────────────────────────────────

    Test not found in the worker process. Make sure test title does not change.
]]>
</failure>
</testcase>
<testcase name="Spell Check for All Links › Check spelling on link 5 of 9: https://www.blueparadox.com/en/in-the-news" classname="spellcheckerTest.spec.js" time="8.821">
<failure message="spellCheckerUtils.js:81:13 Check spelling on link 5 of 9: https://www.blueparadox.com/en/in-the-news" type="FAILURE">
<![CDATA[  [Chromium] › ..\utils\helpers\spellCheckerUtils.js:81:13 › Spell Check for All Links › Check spelling on link 5 of 9: https://www.blueparadox.com/en/in-the-news 

    Error: expect(received).toBe(expected) // Object.is equality

    Expected: 0
    Received: 29

      85 |                         linksWithErrors.push({ link, misspelledWords });
      86 |                     }
    > 87 |                     expect.soft(misspelledWords.length).toBe(0, `Misspelled words found on ${link}: ${misspelledWords}`);
         |                                                         ^
      88 |                 } catch (error) {
      89 |                     failedLinks.push(link);
      90 |                     console.error(`Error checking link ${link}: ${error.message}`);
        at C:\2025Playwright-Projects\SCJohnson\utils\helpers\spellCheckerUtils.js:87:57

    attachment #1: screenshot (image/png) ──────────────────────────────────────────────────────────
    test-results\spellcheckerTest-Spell-Che-71754-eparadox-com-en-in-the-news-Chromium\test-failed-1.png
    ────────────────────────────────────────────────────────────────────────────────────────────────

    attachment #2: trace (application/zip) ─────────────────────────────────────────────────────────
    test-results\spellcheckerTest-Spell-Che-71754-eparadox-com-en-in-the-news-Chromium\trace.zip
    Usage:

        npx playwright show-trace test-results\spellcheckerTest-Spell-Che-71754-eparadox-com-en-in-the-news-Chromium\trace.zip

    ────────────────────────────────────────────────────────────────────────────────────────────────

    Retry #1 ───────────────────────────────────────────────────────────────────────────────────────

    Error: expect(received).toBe(expected) // Object.is equality

    Expected: 0
    Received: 29

      85 |                         linksWithErrors.push({ link, misspelledWords });
      86 |                     }
    > 87 |                     expect.soft(misspelledWords.length).toBe(0, `Misspelled words found on ${link}: ${misspelledWords}`);
         |                                                         ^
      88 |                 } catch (error) {
      89 |                     failedLinks.push(link);
      90 |                     console.error(`Error checking link ${link}: ${error.message}`);
        at C:\2025Playwright-Projects\SCJohnson\utils\helpers\spellCheckerUtils.js:87:57

    attachment #1: screenshot (image/png) ──────────────────────────────────────────────────────────
    test-results\spellcheckerTest-Spell-Che-71754-eparadox-com-en-in-the-news-Chromium-retry1\test-failed-1.png
    ────────────────────────────────────────────────────────────────────────────────────────────────

    attachment #2: trace (application/zip) ─────────────────────────────────────────────────────────
    test-results\spellcheckerTest-Spell-Che-71754-eparadox-com-en-in-the-news-Chromium-retry1\trace.zip
    Usage:

        npx playwright show-trace test-results\spellcheckerTest-Spell-Che-71754-eparadox-com-en-in-the-news-Chromium-retry1\trace.zip

    ────────────────────────────────────────────────────────────────────────────────────────────────
]]>
</failure>
<system-out>
<![CDATA[
========= SPELL CHECK SUMMARY =========
✅ Total Links Checked: 9
❌ Links with Spelling Errors: 1
  - https://www.blueparadox.com/en/in-the-news: newsweek, epr, sc, johnson, ceo, fisk, washington, dc, right-to-repair, los, angeles, nanoplastic, microplastics, cnn, 40, york, ceo's, 'a, move', racine, cbs, durbin, d-illinois, tmj4com, hands-on, 'blue, paradox', axios, wgn
🛑 Links that Failed to Load: 0
=======================================


[[ATTACHMENT|..\test-results\spellcheckerTest-Spell-Che-71754-eparadox-com-en-in-the-news-Chromium\test-failed-1.png]]

[[ATTACHMENT|..\test-results\spellcheckerTest-Spell-Che-71754-eparadox-com-en-in-the-news-Chromium\trace.zip]]

========= SPELL CHECK SUMMARY =========
✅ Total Links Checked: 9
❌ Links with Spelling Errors: 1
  - https://www.blueparadox.com/en/in-the-news: newsweek, epr, sc, johnson, ceo, fisk, washington, dc, right-to-repair, los, angeles, nanoplastic, microplastics, cnn, 40, york, ceo's, 'a, move', racine, cbs, durbin, d-illinois, tmj4com, hands-on, 'blue, paradox', axios, wgn
🛑 Links that Failed to Load: 0
=======================================


[[ATTACHMENT|..\test-results\spellcheckerTest-Spell-Che-71754-eparadox-com-en-in-the-news-Chromium-retry1\test-failed-1.png]]

[[ATTACHMENT|..\test-results\spellcheckerTest-Spell-Che-71754-eparadox-com-en-in-the-news-Chromium-retry1\trace.zip]]
]]>
</system-out>
</testcase>
<testcase name="Spell Check for All Links › Check spelling on link 6 of 9: https://www.blueparadox.com/en/the-exhibit" classname="spellcheckerTest.spec.js" time="17.343">
<failure message="spellCheckerUtils.js:81:13 Check spelling on link 6 of 9: https://www.blueparadox.com/en/the-exhibit" type="FAILURE">
<![CDATA[  [Chromium] › ..\utils\helpers\spellCheckerUtils.js:81:13 › Spell Check for All Links › Check spelling on link 6 of 9: https://www.blueparadox.com/en/the-exhibit 

    Error: expect(received).toBe(expected) // Object.is equality

    Expected: 0
    Received: 14

      85 |                         linksWithErrors.push({ link, misspelledWords });
      86 |                     }
    > 87 |                     expect.soft(misspelledWords.length).toBe(0, `Misspelled words found on ${link}: ${misspelledWords}`);
         |                                                         ^
      88 |                 } catch (error) {
      89 |                     failedLinks.push(link);
      90 |                     console.error(`Error checking link ${link}: ${error.message}`);
        at C:\2025Playwright-Projects\SCJohnson\utils\helpers\spellCheckerUtils.js:87:57

    attachment #1: screenshot (image/png) ──────────────────────────────────────────────────────────
    test-results\spellcheckerTest-Spell-Che-66eff-eparadox-com-en-the-exhibit-Chromium\test-failed-1.png
    ────────────────────────────────────────────────────────────────────────────────────────────────

    attachment #2: trace (application/zip) ─────────────────────────────────────────────────────────
    test-results\spellcheckerTest-Spell-Che-66eff-eparadox-com-en-the-exhibit-Chromium\trace.zip
    Usage:

        npx playwright show-trace test-results\spellcheckerTest-Spell-Che-66eff-eparadox-com-en-the-exhibit-Chromium\trace.zip

    ────────────────────────────────────────────────────────────────────────────────────────────────

    Retry #1 ───────────────────────────────────────────────────────────────────────────────────────

    Error: expect(received).toBe(expected) // Object.is equality

    Expected: 0
    Received: 14

      85 |                         linksWithErrors.push({ link, misspelledWords });
      86 |                     }
    > 87 |                     expect.soft(misspelledWords.length).toBe(0, `Misspelled words found on ${link}: ${misspelledWords}`);
         |                                                         ^
      88 |                 } catch (error) {
      89 |                     failedLinks.push(link);
      90 |                     console.error(`Error checking link ${link}: ${error.message}`);
        at C:\2025Playwright-Projects\SCJohnson\utils\helpers\spellCheckerUtils.js:87:57

    attachment #1: screenshot (image/png) ──────────────────────────────────────────────────────────
    test-results\spellcheckerTest-Spell-Che-66eff-eparadox-com-en-the-exhibit-Chromium-retry1\test-failed-1.png
    ────────────────────────────────────────────────────────────────────────────────────────────────

    attachment #2: trace (application/zip) ─────────────────────────────────────────────────────────
    test-results\spellcheckerTest-Spell-Che-66eff-eparadox-com-en-the-exhibit-Chromium-retry1\trace.zip
    Usage:

        npx playwright show-trace test-results\spellcheckerTest-Spell-Che-66eff-eparadox-com-en-the-exhibit-Chromium-retry1\trace.zip

    ────────────────────────────────────────────────────────────────────────────────────────────────
]]>
</failure>
<system-out>
<![CDATA[
========= SPELL CHECK SUMMARY =========
✅ Total Links Checked: 9
❌ Links with Spelling Errors: 1
  - https://www.blueparadox.com/en/the-exhibit: midwest, lead-in, 1278, robson, olson, surfacesdrawing, imageryfrom, one-size-fits-all, mass-produced, real-time, clean-ups, adchoices, johnson, ourprivacy
🛑 Links that Failed to Load: 0
=======================================


[[ATTACHMENT|..\test-results\spellcheckerTest-Spell-Che-66eff-eparadox-com-en-the-exhibit-Chromium\test-failed-1.png]]

[[ATTACHMENT|..\test-results\spellcheckerTest-Spell-Che-66eff-eparadox-com-en-the-exhibit-Chromium\trace.zip]]

========= SPELL CHECK SUMMARY =========
✅ Total Links Checked: 9
❌ Links with Spelling Errors: 1
  - https://www.blueparadox.com/en/the-exhibit: midwest, lead-in, 1278, robson, olson, surfacesdrawing, imageryfrom, one-size-fits-all, mass-produced, real-time, clean-ups, adchoices, johnson, ourprivacy
🛑 Links that Failed to Load: 0
=======================================


[[ATTACHMENT|..\test-results\spellcheckerTest-Spell-Che-66eff-eparadox-com-en-the-exhibit-Chromium-retry1\test-failed-1.png]]

[[ATTACHMENT|..\test-results\spellcheckerTest-Spell-Che-66eff-eparadox-com-en-the-exhibit-Chromium-retry1\trace.zip]]
]]>
</system-out>
</testcase>
<testcase name="Spell Check for All Links › Check spelling on link 7 of 9: https://www.blueparadox.com/en/about-the-movement" classname="spellcheckerTest.spec.js" time="15.04">
<failure message="spellCheckerUtils.js:81:13 Check spelling on link 7 of 9: https://www.blueparadox.com/en/about-the-movement" type="FAILURE">
<![CDATA[  [Chromium] › ..\utils\helpers\spellCheckerUtils.js:81:13 › Spell Check for All Links › Check spelling on link 7 of 9: https://www.blueparadox.com/en/about-the-movement 

    Error: expect(received).toBe(expected) // Object.is equality

    Expected: 0
    Received: 3

      85 |                         linksWithErrors.push({ link, misspelledWords });
      86 |                     }
    > 87 |                     expect.soft(misspelledWords.length).toBe(0, `Misspelled words found on ${link}: ${misspelledWords}`);
         |                                                         ^
      88 |                 } catch (error) {
      89 |                     failedLinks.push(link);
      90 |                     console.error(`Error checking link ${link}: ${error.message}`);
        at C:\2025Playwright-Projects\SCJohnson\utils\helpers\spellCheckerUtils.js:87:57

    attachment #1: screenshot (image/png) ──────────────────────────────────────────────────────────
    test-results\spellcheckerTest-Spell-Che-6f763-x-com-en-about-the-movement-Chromium\test-failed-1.png
    ────────────────────────────────────────────────────────────────────────────────────────────────

    attachment #2: trace (application/zip) ─────────────────────────────────────────────────────────
    test-results\spellcheckerTest-Spell-Che-6f763-x-com-en-about-the-movement-Chromium\trace.zip
    Usage:

        npx playwright show-trace test-results\spellcheckerTest-Spell-Che-6f763-x-com-en-about-the-movement-Chromium\trace.zip

    ────────────────────────────────────────────────────────────────────────────────────────────────

    Retry #1 ───────────────────────────────────────────────────────────────────────────────────────

    Error: expect(received).toBe(expected) // Object.is equality

    Expected: 0
    Received: 5

      85 |                         linksWithErrors.push({ link, misspelledWords });
      86 |                     }
    > 87 |                     expect.soft(misspelledWords.length).toBe(0, `Misspelled words found on ${link}: ${misspelledWords}`);
         |                                                         ^
      88 |                 } catch (error) {
      89 |                     failedLinks.push(link);
      90 |                     console.error(`Error checking link ${link}: ${error.message}`);
        at C:\2025Playwright-Projects\SCJohnson\utils\helpers\spellCheckerUtils.js:87:57

    attachment #1: screenshot (image/png) ──────────────────────────────────────────────────────────
    test-results\spellcheckerTest-Spell-Che-6f763-x-com-en-about-the-movement-Chromium-retry1\test-failed-1.png
    ────────────────────────────────────────────────────────────────────────────────────────────────

    attachment #2: trace (application/zip) ─────────────────────────────────────────────────────────
    test-results\spellcheckerTest-Spell-Che-6f763-x-com-en-about-the-movement-Chromium-retry1\trace.zip
    Usage:

        npx playwright show-trace test-results\spellcheckerTest-Spell-Che-6f763-x-com-en-about-the-movement-Chromium-retry1\trace.zip

    ────────────────────────────────────────────────────────────────────────────────────────────────
]]>
</failure>
<system-out>
<![CDATA[
========= SPELL CHECK SUMMARY =========
✅ Total Links Checked: 9
❌ Links with Spelling Errors: 1
  - https://www.blueparadox.com/en/about-the-movement: midwest, sc, johnson
🛑 Links that Failed to Load: 0
=======================================


[[ATTACHMENT|..\test-results\spellcheckerTest-Spell-Che-6f763-x-com-en-about-the-movement-Chromium\test-failed-1.png]]

[[ATTACHMENT|..\test-results\spellcheckerTest-Spell-Che-6f763-x-com-en-about-the-movement-Chromium\trace.zip]]

========= SPELL CHECK SUMMARY =========
✅ Total Links Checked: 9
❌ Links with Spelling Errors: 1
  - https://www.blueparadox.com/en/about-the-movement: midwest, sc, johnson, adchoices, ourprivacy
🛑 Links that Failed to Load: 0
=======================================


[[ATTACHMENT|..\test-results\spellcheckerTest-Spell-Che-6f763-x-com-en-about-the-movement-Chromium-retry1\test-failed-1.png]]

[[ATTACHMENT|..\test-results\spellcheckerTest-Spell-Che-6f763-x-com-en-about-the-movement-Chromium-retry1\trace.zip]]
]]>
</system-out>
</testcase>
<testcase name="Spell Check for All Links › Check spelling on link 8 of 9: https://www.blueparadox.com/en/take-action" classname="spellcheckerTest.spec.js" time="12.101">
<failure message="spellCheckerUtils.js:81:13 Check spelling on link 8 of 9: https://www.blueparadox.com/en/take-action" type="FAILURE">
<![CDATA[  [Chromium] › ..\utils\helpers\spellCheckerUtils.js:81:13 › Spell Check for All Links › Check spelling on link 8 of 9: https://www.blueparadox.com/en/take-action 

    Error: expect(received).toBe(expected) // Object.is equality

    Expected: 0
    Received: 5

      85 |                         linksWithErrors.push({ link, misspelledWords });
      86 |                     }
    > 87 |                     expect.soft(misspelledWords.length).toBe(0, `Misspelled words found on ${link}: ${misspelledWords}`);
         |                                                         ^
      88 |                 } catch (error) {
      89 |                     failedLinks.push(link);
      90 |                     console.error(`Error checking link ${link}: ${error.message}`);
        at C:\2025Playwright-Projects\SCJohnson\utils\helpers\spellCheckerUtils.js:87:57

    attachment #1: screenshot (image/png) ──────────────────────────────────────────────────────────
    test-results\spellcheckerTest-Spell-Che-fddd8-eparadox-com-en-take-action-Chromium\test-failed-1.png
    ────────────────────────────────────────────────────────────────────────────────────────────────

    attachment #2: trace (application/zip) ─────────────────────────────────────────────────────────
    test-results\spellcheckerTest-Spell-Che-fddd8-eparadox-com-en-take-action-Chromium\trace.zip
    Usage:

        npx playwright show-trace test-results\spellcheckerTest-Spell-Che-fddd8-eparadox-com-en-take-action-Chromium\trace.zip

    ────────────────────────────────────────────────────────────────────────────────────────────────

    Retry #1 ───────────────────────────────────────────────────────────────────────────────────────

    Error: expect(received).toBe(expected) // Object.is equality

    Expected: 0
    Received: 7

      85 |                         linksWithErrors.push({ link, misspelledWords });
      86 |                     }
    > 87 |                     expect.soft(misspelledWords.length).toBe(0, `Misspelled words found on ${link}: ${misspelledWords}`);
         |                                                         ^
      88 |                 } catch (error) {
      89 |                     failedLinks.push(link);
      90 |                     console.error(`Error checking link ${link}: ${error.message}`);
        at C:\2025Playwright-Projects\SCJohnson\utils\helpers\spellCheckerUtils.js:87:57

    attachment #1: screenshot (image/png) ──────────────────────────────────────────────────────────
    test-results\spellcheckerTest-Spell-Che-fddd8-eparadox-com-en-take-action-Chromium-retry1\test-failed-1.png
    ────────────────────────────────────────────────────────────────────────────────────────────────

    attachment #2: trace (application/zip) ─────────────────────────────────────────────────────────
    test-results\spellcheckerTest-Spell-Che-fddd8-eparadox-com-en-take-action-Chromium-retry1\trace.zip
    Usage:

        npx playwright show-trace test-results\spellcheckerTest-Spell-Che-fddd8-eparadox-com-en-take-action-Chromium-retry1\trace.zip

    ────────────────────────────────────────────────────────────────────────────────────────────────
]]>
</failure>
<system-out>
<![CDATA[
========= SPELL CHECK SUMMARY =========
✅ Total Links Checked: 9
❌ Links with Spelling Errors: 1
  - https://www.blueparadox.com/en/take-action: 292, dont, 2030, 14, johnson
🛑 Links that Failed to Load: 0
=======================================


[[ATTACHMENT|..\test-results\spellcheckerTest-Spell-Che-fddd8-eparadox-com-en-take-action-Chromium\test-failed-1.png]]

[[ATTACHMENT|..\test-results\spellcheckerTest-Spell-Che-fddd8-eparadox-com-en-take-action-Chromium\trace.zip]]

========= SPELL CHECK SUMMARY =========
✅ Total Links Checked: 9
❌ Links with Spelling Errors: 1
  - https://www.blueparadox.com/en/take-action: 292, dont, 2030, 14, adchoices, johnson, ourprivacy
🛑 Links that Failed to Load: 0
=======================================


[[ATTACHMENT|..\test-results\spellcheckerTest-Spell-Che-fddd8-eparadox-com-en-take-action-Chromium-retry1\test-failed-1.png]]

[[ATTACHMENT|..\test-results\spellcheckerTest-Spell-Che-fddd8-eparadox-com-en-take-action-Chromium-retry1\trace.zip]]
]]>
</system-out>
</testcase>
<testcase name="Spell Check for All Links › Check spelling on link 9 of 9: https://wwww.blueparadox.com/#calculatorModal" classname="spellcheckerTest.spec.js" time="0">
<failure message="spellCheckerUtils.js:81:13 Check spelling on link 9 of 9: https://wwww.blueparadox.com/#calculatorModal" type="FAILURE">
<![CDATA[  [Chromium] › ..\utils\helpers\spellCheckerUtils.js:81:13 › Spell Check for All Links › Check spelling on link 9 of 9: https://wwww.blueparadox.com/#calculatorModal 

    Test not found in the worker process. Make sure test title does not change.

    Retry #1 ───────────────────────────────────────────────────────────────────────────────────────

    Test not found in the worker process. Make sure test title does not change.
]]>
</failure>
</testcase>
</testsuite>
</testsuites>