<testsuites id="" name="" tests="9" failures="0" skipped="0" errors="0" time="125.472436">
<testsuite name="visualTestRunner.spec.js" timestamp="2025-02-06T05:52:15.703Z" hostname="Chromium" tests="9" failures="0" skipped="0" time="862.128" errors="0">
<testcase name="Screenshot Tests › Screenshot Test for https://www.blueparadox.com/" classname="visualTestRunner.spec.js" time="70.987">
<system-out>
<![CDATA[📸 Screenshot captured for https://www.blueparadox.com/
📊 Diff generated for https://www.blueparadox.com/
📄 HTML report saved at: C:\2025Playwright-Projects\SCJohnson\utils\visual_tests\reports\https___www_blueparadox_com__report.html

[[ATTACHMENT|..\test-results\visualTestRunner-Screensho-435b4--https-www-blueparadox-com--Chromium\test-finished-1.png]]
]]>
</system-out>
<system-err>
<![CDATA[❌ Mismatch detected for https://www.blueparadox.com/: 1.26%
]]>
</system-err>
</testcase>
<testcase name="Screenshot Tests › Screenshot Test for https://www.blueparadox.com/en/plastic-waste-crisis" classname="visualTestRunner.spec.js" time="109.741">
<system-out>
<![CDATA[📸 Screenshot captured for https://www.blueparadox.com/en/plastic-waste-crisis
📊 Diff generated for https://www.blueparadox.com/en/plastic-waste-crisis
📄 HTML report saved at: C:\2025Playwright-Projects\SCJohnson\utils\visual_tests\reports\https___www_blueparadox_com_en_plastic_waste_crisis_report.html

[[ATTACHMENT|..\test-results\visualTestRunner-Screensho-40baf-com-en-plastic-waste-crisis-Chromium\test-finished-1.png]]
📸 Screenshot captured for https://www.blueparadox.com/en/plastic-waste-crisis
📊 Diff generated for https://www.blueparadox.com/en/plastic-waste-crisis
📄 HTML report saved at: C:\2025Playwright-Projects\SCJohnson\utils\visual_tests\reports\https___www_blueparadox_com_en_plastic_waste_crisis_report.html

[[ATTACHMENT|..\test-results\visualTestRunner-Screensho-40baf-com-en-plastic-waste-crisis-Chromium-retry1\test-finished-1.png]]
]]>
</system-out>
<system-err>
<![CDATA[❌ Mismatch detected for https://www.blueparadox.com/en/plastic-waste-crisis: 3.05%
❌ Mismatch detected for https://www.blueparadox.com/en/plastic-waste-crisis: 2.97%
]]>
</system-err>
</testcase>
<testcase name="Screenshot Tests › Screenshot Test for https://www.blueparadox.com/en/solutions" classname="visualTestRunner.spec.js" time="110.501">
<system-out>
<![CDATA[📸 Screenshot captured for https://www.blueparadox.com/en/solutions
📊 Diff generated for https://www.blueparadox.com/en/solutions
📄 HTML report saved at: C:\2025Playwright-Projects\SCJohnson\utils\visual_tests\reports\https___www_blueparadox_com_en_solutions_report.html

[[ATTACHMENT|..\test-results\visualTestRunner-Screensho-5341b-lueparadox-com-en-solutions-Chromium\test-finished-1.png]]
📸 Screenshot captured for https://www.blueparadox.com/en/solutions
📊 Diff generated for https://www.blueparadox.com/en/solutions
📄 HTML report saved at: C:\2025Playwright-Projects\SCJohnson\utils\visual_tests\reports\https___www_blueparadox_com_en_solutions_report.html

[[ATTACHMENT|..\test-results\visualTestRunner-Screensho-5341b-lueparadox-com-en-solutions-Chromium-retry1\test-finished-1.png]]
]]>
</system-out>
<system-err>
<![CDATA[❌ Mismatch detected for https://www.blueparadox.com/en/solutions: 1.62%
❌ Mismatch detected for https://www.blueparadox.com/en/solutions: 1.62%
]]>
</system-err>
</testcase>
<testcase name="Screenshot Tests › Screenshot Test for https://www.blueparadox.com/en/resources" classname="visualTestRunner.spec.js" time="110.006">
<system-out>
<![CDATA[📸 Screenshot captured for https://www.blueparadox.com/en/resources
📊 Diff generated for https://www.blueparadox.com/en/resources
📄 HTML report saved at: C:\2025Playwright-Projects\SCJohnson\utils\visual_tests\reports\https___www_blueparadox_com_en_resources_report.html

[[ATTACHMENT|..\test-results\visualTestRunner-Screensho-656e1-lueparadox-com-en-resources-Chromium\test-finished-1.png]]
📸 Screenshot captured for https://www.blueparadox.com/en/resources
📊 Diff generated for https://www.blueparadox.com/en/resources
📄 HTML report saved at: C:\2025Playwright-Projects\SCJohnson\utils\visual_tests\reports\https___www_blueparadox_com_en_resources_report.html

[[ATTACHMENT|..\test-results\visualTestRunner-Screensho-656e1-lueparadox-com-en-resources-Chromium-retry1\test-finished-1.png]]
]]>
</system-out>
<system-err>
<![CDATA[❌ Mismatch detected for https://www.blueparadox.com/en/resources: 2.88%
❌ Mismatch detected for https://www.blueparadox.com/en/resources: 1.51%
]]>
</system-err>
</testcase>
<testcase name="Screenshot Tests › Screenshot Test for https://www.blueparadox.com/en/in-the-news" classname="visualTestRunner.spec.js" time="113.234">
<system-out>
<![CDATA[📸 Screenshot captured for https://www.blueparadox.com/en/in-the-news
📊 Diff generated for https://www.blueparadox.com/en/in-the-news
📄 HTML report saved at: C:\2025Playwright-Projects\SCJohnson\utils\visual_tests\reports\https___www_blueparadox_com_en_in_the_news_report.html
✅ Screenshots match for https://www.blueparadox.com/en/in-the-news

[[ATTACHMENT|..\test-results\visualTestRunner-Screensho-eb783-eparadox-com-en-in-the-news-Chromium\trace.zip]]
📸 Screenshot captured for https://www.blueparadox.com/en/in-the-news
📊 Diff generated for https://www.blueparadox.com/en/in-the-news
📄 HTML report saved at: C:\2025Playwright-Projects\SCJohnson\utils\visual_tests\reports\https___www_blueparadox_com_en_in_the_news_report.html
✅ Screenshots match for https://www.blueparadox.com/en/in-the-news

[[ATTACHMENT|..\test-results\visualTestRunner-Screensho-eb783-eparadox-com-en-in-the-news-Chromium-retry1\test-finished-1.png]]
]]>
</system-out>
</testcase>
<testcase name="Screenshot Tests › Screenshot Test for https://www.blueparadox.com/en/the-exhibit" classname="visualTestRunner.spec.js" time="90.591">
<system-out>
<![CDATA[📸 Screenshot captured for https://www.blueparadox.com/en/the-exhibit
📊 Diff generated for https://www.blueparadox.com/en/the-exhibit
📄 HTML report saved at: C:\2025Playwright-Projects\SCJohnson\utils\visual_tests\reports\https___www_blueparadox_com_en_the_exhibit_report.html

[[ATTACHMENT|..\test-results\visualTestRunner-Screensho-6d856-eparadox-com-en-the-exhibit-Chromium\test-finished-1.png]]
]]>
</system-out>
<system-err>
<![CDATA[❌ Mismatch detected for https://www.blueparadox.com/en/the-exhibit: 0.88%
]]>
</system-err>
</testcase>
<testcase name="Screenshot Tests › Screenshot Test for https://www.blueparadox.com/en/about-the-movement" classname="visualTestRunner.spec.js" time="75.741">
<system-out>
<![CDATA[📸 Screenshot captured for https://www.blueparadox.com/en/about-the-movement
📊 Diff generated for https://www.blueparadox.com/en/about-the-movement
📄 HTML report saved at: C:\2025Playwright-Projects\SCJohnson\utils\visual_tests\reports\https___www_blueparadox_com_en_about_the_movement_report.html

[[ATTACHMENT|..\test-results\visualTestRunner-Screensho-7c768-x-com-en-about-the-movement-Chromium\test-finished-1.png]]
]]>
</system-out>
<system-err>
<![CDATA[❌ Mismatch detected for https://www.blueparadox.com/en/about-the-movement: 0.01%
]]>
</system-err>
</testcase>
<testcase name="Screenshot Tests › Screenshot Test for https://www.blueparadox.com/en/take-action" classname="visualTestRunner.spec.js" time="110.318">
<system-out>
<![CDATA[📸 Screenshot captured for https://www.blueparadox.com/en/take-action
📊 Diff generated for https://www.blueparadox.com/en/take-action
📄 HTML report saved at: C:\2025Playwright-Projects\SCJohnson\utils\visual_tests\reports\https___www_blueparadox_com_en_take_action_report.html

[[ATTACHMENT|..\test-results\visualTestRunner-Screensho-f1aff-eparadox-com-en-take-action-Chromium\test-finished-1.png]]
📸 Screenshot captured for https://www.blueparadox.com/en/take-action
📊 Diff generated for https://www.blueparadox.com/en/take-action
📄 HTML report saved at: C:\2025Playwright-Projects\SCJohnson\utils\visual_tests\reports\https___www_blueparadox_com_en_take_action_report.html

[[ATTACHMENT|..\test-results\visualTestRunner-Screensho-f1aff-eparadox-com-en-take-action-Chromium-retry1\test-finished-1.png]]
]]>
</system-out>
<system-err>
<![CDATA[❌ Mismatch detected for https://www.blueparadox.com/en/take-action: 2.38%
❌ Mismatch detected for https://www.blueparadox.com/en/take-action: 2.38%
]]>
</system-err>
</testcase>
<testcase name="Screenshot Tests › Screenshot Test for https://www.blueparadox.com/#calculatorModal" classname="visualTestRunner.spec.js" time="71.009">
<system-out>
<![CDATA[📸 Screenshot captured for https://www.blueparadox.com/#calculatorModal
📊 Diff generated for https://www.blueparadox.com/#calculatorModal
📄 HTML report saved at: C:\2025Playwright-Projects\SCJohnson\utils\visual_tests\reports\https___www_blueparadox_com__calculatorModal_report.html

[[ATTACHMENT|..\test-results\visualTestRunner-Screensho-bf02a-paradox-com-calculatorModal-Chromium\test-finished-1.png]]
]]>
</system-out>
<system-err>
<![CDATA[❌ Mismatch detected for https://www.blueparadox.com/#calculatorModal: 2.42%
]]>
</system-err>
</testcase>
</testsuite>
</testsuites>